[INFO] 
[INFO] -------------------------------------------------------
[INFO]  T E S T S
[INFO] -------------------------------------------------------
[INFO] Running org.apache.hadoop.hive.metastore.TestMetaStoreListenersError
[INFO] Tests run: 2, Failures: 0, Errors: 0, Skipped: 0, Time elapsed: 6.738 s - in org.apache.hadoop.hive.metastore.TestMetaStoreListenersError
[INFO] Running org.apache.hadoop.hive.metastore.TestLockRequestBuilder
[INFO] Tests run: 33, Failures: 0, Errors: 0, Skipped: 0, Time elapsed: 0.161 s - in org.apache.hadoop.hive.metastore.TestLockRequestBuilder
[INFO] Running org.apache.hadoop.hive.metastore.TestSetUGIOnOnlyClient
[INFO] Tests run: 46, Failures: 0, Errors: 0, Skipped: 0, Time elapsed: 93.129 s - in org.apache.hadoop.hive.metastore.TestSetUGIOnOnlyClient
[INFO] Running org.apache.hadoop.hive.metastore.TestHiveMetaStoreWithEnvironmentContext
[INFO] Tests run: 1, Failures: 0, Errors: 0, Skipped: 0, Time elapsed: 17.982 s - in org.apache.hadoop.hive.metastore.TestHiveMetaStoreWithEnvironmentContext
[INFO] Running org.apache.hadoop.hive.metastore.utils.TestMetaStoreServerUtils
[INFO] Tests run: 24, Failures: 0, Errors: 0, Skipped: 0, Time elapsed: 1.535 s - in org.apache.hadoop.hive.metastore.utils.TestMetaStoreServerUtils
[INFO] Running org.apache.hadoop.hive.metastore.utils.TestHdfsUtils
[INFO] Tests run: 19, Failures: 0, Errors: 0, Skipped: 0, Time elapsed: 2.627 s - in org.apache.hadoop.hive.metastore.utils.TestHdfsUtils
[INFO] Running org.apache.hadoop.hive.metastore.conf.TestMetastoreConf
[INFO] Tests run: 23, Failures: 0, Errors: 0, Skipped: 0, Time elapsed: 1.263 s - in org.apache.hadoop.hive.metastore.conf.TestMetastoreConf
[INFO] Running org.apache.hadoop.hive.metastore.TestObjectStoreInitRetry
[INFO] Tests run: 1, Failures: 0, Errors: 0, Skipped: 0, Time elapsed: 10.266 s - in org.apache.hadoop.hive.metastore.TestObjectStoreInitRetry
[INFO] Running org.apache.hadoop.hive.metastore.TestTableIterable
[INFO] Tests run: 1, Failures: 0, Errors: 0, Skipped: 0, Time elapsed: 0.982 s - in org.apache.hadoop.hive.metastore.TestTableIterable
[INFO] Running org.apache.hadoop.hive.metastore.TestMetaStoreEventListenerWithOldConf
[INFO] Tests run: 4, Failures: 0, Errors: 0, Skipped: 0, Time elapsed: 40.072 s - in org.apache.hadoop.hive.metastore.TestMetaStoreEventListenerWithOldConf
[INFO] 
[INFO] Results:
[INFO] 
[INFO] Tests run: 154, Failures: 0, Errors: 0, Skipped: 0
[INFO] 
[INFO]                                                                         
[INFO] ------------------------------------------------------------------------
[INFO] Building Hive Metastore Tools 4.0.0-SNAPSHOT
[INFO] ------------------------------------------------------------------------
[INFO] 
[INFO] --- maven-remote-resources-plugin:1.5:process (process-resource-bundles) @ hive-metastore-tools ---
[INFO]                                                                         
[INFO] ------------------------------------------------------------------------
[INFO] Building Hive Metastore Tools common libraries 4.0.0-SNAPSHOT
[INFO] ------------------------------------------------------------------------
[WARNING] The POM for org.glassfish:javax.el:jar:3.0.1-b06-SNAPSHOT is missing, no dependency information available
[WARNING] The POM for org.glassfish:javax.el:jar:3.0.1-b07-SNAPSHOT is missing, no dependency information available
[WARNING] The POM for org.glassfish:javax.el:jar:3.0.1-b08-SNAPSHOT is missing, no dependency information available
[WARNING] The POM for org.glassfish:javax.el:jar:3.0.1-b11-SNAPSHOT is missing, no dependency information available
[INFO] 
[INFO] --- maven-remote-resources-plugin:1.5:process (process-resource-bundles) @ metastore-tools-common ---
[INFO] 
[INFO] --- maven-resources-plugin:2.7:resources (default-resources) @ metastore-tools-common ---
[INFO] Using 'UTF-8' encoding to copy filtered resources.
[INFO] skip non existing resourceDirectory /home/dtestuser/hive/standalone-metastore/metastore-tools/tools-common/src/main/resources
[INFO] Copying 3 resources
[INFO] 
[INFO] --- maven-compiler-plugin:3.7.0:compile (default-compile) @ metastore-tools-common ---
[INFO] Nothing to compile - all classes are up to date
[INFO] 
[INFO] --- maven-resources-plugin:2.7:testResources (default-testResources) @ metastore-tools-common ---
[INFO] Using 'UTF-8' encoding to copy filtered resources.
[INFO] skip non existing resourceDirectory /home/dtestuser/hive/standalone-metastore/metastore-tools/tools-common/src/test/resources
[INFO] Copying 3 resources
[INFO] 
[INFO] --- maven-compiler-plugin:3.7.0:testCompile (default-testCompile) @ metastore-tools-common ---
[INFO] Nothing to compile - all classes are up to date
[INFO] 
[INFO] --- maven-surefire-plugin:2.20.1:test (default-test) @ metastore-tools-common ---
[INFO]                                                                         
[INFO] ------------------------------------------------------------------------
[INFO] Building Hive metastore benchmarks 4.0.0-SNAPSHOT
[INFO] ------------------------------------------------------------------------
[INFO] 
[INFO] --- maven-remote-resources-plugin:1.5:process (process-resource-bundles) @ hive-metastore-benchmarks ---
[INFO] 
[INFO] --- maven-resources-plugin:2.7:resources (default-resources) @ hive-metastore-benchmarks ---
[INFO] Using 'UTF-8' encoding to copy filtered resources.
[INFO] Copying 2 resources
[INFO] Copying 3 resources
[INFO] 
[INFO] --- maven-compiler-plugin:3.7.0:compile (default-compile) @ hive-metastore-benchmarks ---
[INFO] Nothing to compile - all classes are up to date
[INFO] 
[INFO] --- maven-resources-plugin:2.7:testResources (default-testResources) @ hive-metastore-benchmarks ---
[INFO] Using 'UTF-8' encoding to copy filtered resources.
[INFO] skip non existing resourceDirectory /home/dtestuser/hive/standalone-metastore/metastore-tools/metastore-benchmarks/src/test/resources
[INFO] Copying 3 resources
[INFO] 
[INFO] --- maven-compiler-plugin:3.7.0:testCompile (default-testCompile) @ hive-metastore-benchmarks ---
[INFO] No sources to compile
[INFO] 
[INFO] --- maven-surefire-plugin:2.20.1:test (default-test) @ hive-metastore-benchmarks ---
[INFO] ------------------------------------------------------------------------
[INFO] Reactor Summary:
[INFO] 
[INFO] Hive Standalone Metastore ......................... SUCCESS [0.919s]
[INFO] Hive Standalone Metastore Common Code ............. SUCCESS [7.340s]
[INFO] Hive Metastore Server ............................. SUCCESS [3:09.038s]
[INFO] Hive Metastore Tools .............................. SUCCESS [0.025s]
[INFO] Hive Metastore Tools common libraries ............. SUCCESS [8.834s]
[INFO] Hive metastore benchmarks ......................... SUCCESS [4.286s]
[INFO] ------------------------------------------------------------------------
[INFO] BUILD SUCCESS
[INFO] ------------------------------------------------------------------------
[INFO] Total time: 3:30.747s
[INFO] Finished at: Thu Apr 11 21:16:47 UTC 2019
[INFO] Final Memory: 81M/2791M
[INFO] ------------------------------------------------------------------------

