[INFO] 
[INFO] -------------------------------------------------------
[INFO]  T E S T S
[INFO] -------------------------------------------------------
[INFO] Running org.apache.hadoop.hive.ql.parse.TestStatsReplicationScenariosNoAutogather
[INFO] Tests run: 3, Failures: 0, Errors: 0, Skipped: 0, Time elapsed: 306.716 s - in org.apache.hadoop.hive.ql.parse.TestStatsReplicationScenariosNoAutogather
[INFO] Running org.apache.hadoop.hive.ql.parse.TestReplTableMigrationWithJsonFormat
[INFO] Tests run: 7, Failures: 0, Errors: 0, Skipped: 0, Time elapsed: 1,746.113 s - in org.apache.hadoop.hive.ql.parse.TestReplTableMigrationWithJsonFormat
[INFO] Running org.apache.hadoop.hive.ql.parse.TestReplicationScenariosIncrementalLoadAcidTables
[INFO] Running org.apache.hadoop.hive.ql.parse.TestCopyUtils
[INFO] Tests run: 1, Failures: 0, Errors: 0, Skipped: 0, Time elapsed: 40.09 s - in org.apache.hadoop.hive.ql.parse.TestCopyUtils
[INFO] Running org.apache.hadoop.hive.ql.parse.TestReplicationScenariosAcrossInstances
[INFO] Tests run: 28, Failures: 0, Errors: 0, Skipped: 0, Time elapsed: 457.899 s - in org.apache.hadoop.hive.ql.parse.TestReplicationScenariosAcrossInstances
[INFO] 
[INFO] Results:
[INFO] 
[INFO] Tests run: 39, Failures: 0, Errors: 0, Skipped: 0
[INFO] 
[INFO] ------------------------------------------------------------------------
[INFO] BUILD FAILURE
[INFO] ------------------------------------------------------------------------
[INFO] Total time: 1:13:08.109s
[INFO] Finished at: Thu Apr 11 23:02:06 UTC 2019
[INFO] Final Memory: 133M/4098M
[INFO] ------------------------------------------------------------------------
[ERROR] Failed to execute goal org.apache.maven.plugins:maven-surefire-plugin:2.21.0:test (default-test) on project hive-it-unit: There was a timeout or other error in the fork -> [Help 1]
[ERROR] 
[ERROR] To see the full stack trace of the errors, re-run Maven with the -e switch.
[ERROR] Re-run Maven using the -X switch to enable full debug logging.
[ERROR] 
[ERROR] For more information about the errors and possible solutions, please read the following articles:
[ERROR] [Help 1] http://cwiki.apache.org/confluence/display/MAVEN/MojoFailureException
